<?xml version="1.0" encoding="UTF-8"?>
<!-- Generated by org.testng.reporters.JUnitReportReporter -->
<testsuite hostname="Jp" failures="0" tests="6" name="testsOnCloud.testGridOnBrowserStack" time="128.707" errors="0" timestamp="2022-04-20T11:21:25 PDT" skipped="0">
  <testcase classname="testsOnCloud.testGridOnBrowserStack" name="addToCart" time="25.622"/>
  <system-out/>
  <testcase classname="testsOnCloud.testGridOnBrowserStack" name="loginSauceLabs" time="8.772"/>
  <system-out/>
  <testcase classname="testsOnCloud.testGridOnBrowserStack" name="loginSauceLabs" time="10.634"/>
  <system-out/>
  <testcase classname="testsOnCloud.testGridOnBrowserStack" name="inventoryCount" time="8.626"/>
  <system-out/>
  <testcase classname="testsOnCloud.testGridOnBrowserStack" name="inventoryCount" time="43.647"/>
  <system-out/>
  <testcase classname="testsOnCloud.testGridOnBrowserStack" name="addToCart" time="31.406"/>
  <system-out/>
</testsuite> <!-- testsOnCloud.testGridOnBrowserStack -->
