<?xml version="1.0" encoding="UTF-8"?>
<!-- Generated by org.testng.reporters.JUnitReportReporter -->
<testsuite hostname="Jp" failures="0" tests="2" name="dataProvider.returnTypesOfDataprovider$Object__TowDimensional_Dataprovider" time="0.004" errors="0" timestamp="2022-03-27T12:24:54 PDT" skipped="0">
  <testcase classname="dataProvider.returnTypesOfDataprovider$Object__TowDimensional_Dataprovider" name="returnTypesDataprovider" time="0.000"/>
  <system-out/>
  <testcase classname="dataProvider.returnTypesOfDataprovider$Object__TowDimensional_Dataprovider" name="returnTypesDataprovider" time="0.004"/>
  <system-out/>
</testsuite> <!-- dataProvider.returnTypesOfDataprovider$Object__TowDimensional_Dataprovider -->
