<?xml version="1.0" encoding="UTF-8"?>
<!-- Generated by org.testng.reporters.JUnitReportReporter -->
<testsuite hostname="Jp" failures="0" tests="3" name="dataProvider.Login_OrangeHRM_WithExcelData" time="25.518" errors="0" timestamp="2022-03-27T17:43:59 PDT" skipped="0">
  <testcase classname="dataProvider.Login_OrangeHRM_WithExcelData" name="EnterLoginDetails" time="8.145"/>
  <system-out/>
  <testcase classname="dataProvider.Login_OrangeHRM_WithExcelData" name="EnterLoginDetails" time="8.943"/>
  <system-out/>
  <testcase classname="dataProvider.Login_OrangeHRM_WithExcelData" name="EnterLoginDetails" time="8.430"/>
  <system-out/>
</testsuite> <!-- dataProvider.Login_OrangeHRM_WithExcelData -->
