<?xml version="1.0" encoding="UTF-8"?>
<!-- Generated by org.testng.reporters.JUnitReportReporter -->
<testsuite hostname="Jp" failures="0" tests="3" name="dataProvider.returnTypesOfDataprovider" time="0.001" errors="0" timestamp="2022-03-27T12:17:55 PDT" skipped="0">
  <testcase classname="dataProvider.returnTypesOfDataprovider" name="String_Dataprovider" time="0.000"/>
  <system-out/>
  <testcase classname="dataProvider.returnTypesOfDataprovider" name="String_Dataprovider" time="0.000"/>
  <system-out/>
  <testcase classname="dataProvider.returnTypesOfDataprovider" name="String_Dataprovider" time="0.001"/>
  <system-out/>
</testsuite> <!-- dataProvider.returnTypesOfDataprovider -->
