<?xml version="1.0" encoding="UTF-8"?>
<!-- Generated by org.testng.reporters.JUnitReportReporter -->
<testsuite hostname="Jp" failures="0" tests="2" name="testNG.Test_open" time="13.432" errors="0" timestamp="2022-03-15T22:31:11 PDT" skipped="0">
  <testcase classname="testNG.Test_open" name="openGoogle" time="6.326"/>
  <system-out/>
  <testcase classname="testNG.Test_open" name="openFB" time="7.106"/>
  <system-out/>
</testsuite> <!-- testNG.Test_open -->
