<?xml version="1.0" encoding="UTF-8"?>
<!-- Generated by org.testng.reporters.JUnitReportReporter -->
<testsuite hostname="Jp" failures="0" tests="2" name="testNG.openBrowser2" time="16.044" errors="0" timestamp="2022-04-20T16:13:38 PDT" skipped="0">
  <testcase classname="testNG.openBrowser2" name="openGoogle" time="7.932"/>
  <system-out/>
  <testcase classname="testNG.openBrowser2" name="openFB" time="8.112"/>
  <system-out/>
</testsuite> <!-- testNG.openBrowser2 -->
