<?xml version="1.0" encoding="UTF-8"?>
<!-- Generated by org.testng.reporters.JUnitReportReporter -->
<testsuite hostname="Jp" failures="0" tests="2" name="testNG.AnnotationsTest" time="0.005" errors="0" timestamp="2022-03-17T21:59:40 PDT" skipped="0">
  <testcase classname="testNG.AnnotationsTest" name="annotationTestMethod1" time="0.004"/>
  <system-out/>
  <testcase classname="testNG.AnnotationsTest" name="annotationTestMethod2" time="0.001"/>
  <system-out/>
</testsuite> <!-- testNG.AnnotationsTest -->
