<?xml version="1.0" encoding="UTF-8"?>
<!-- Generated by org.testng.reporters.JUnitReportReporter -->
<testsuite hostname="Jp" failures="0" tests="3" name="dataProvider.SeparateClass_dataProvider" time="0.006" errors="0" timestamp="2022-03-27T13:21:16 PDT" skipped="0">
  <testcase classname="dataProvider.SeparateClass_dataProvider" name="test" time="0.001"/>
  <system-out/>
  <testcase classname="dataProvider.SeparateClass_dataProvider" name="test" time="0.005"/>
  <system-out/>
  <testcase classname="dataProvider.SeparateClass_dataProvider" name="test" time="0.000"/>
  <system-out/>
</testsuite> <!-- dataProvider.SeparateClass_dataProvider -->
