<?xml version="1.0" encoding="UTF-8"?>
<!-- Generated by org.testng.reporters.JUnitReportReporter -->
<testsuite hostname="Jp" failures="0" tests="2" name="baseClass.BaseClass" time="0.011" errors="0" timestamp="2022-04-20T12:15:51 PDT" skipped="0">
  <testcase classname="baseClass.BaseClass" name="f" time="0.010"/>
  <system-out/>
  <testcase classname="baseClass.BaseClass" name="f" time="0.001"/>
  <system-out/>
</testsuite> <!-- baseClass.BaseClass -->
