<?xml version="1.0" encoding="UTF-8"?>
<!-- Generated by org.testng.reporters.JUnitReportReporter -->
<testsuite hostname="Jp" failures="0" tests="6" name="Tests.testSauceLabs" time="73.012" errors="0" timestamp="2022-04-13T16:07:57 PDT" skipped="0">
  <testcase classname="Tests.testSauceLabs" name="addToCart" time="9.316"/>
  <system-out/>
  <testcase classname="Tests.testSauceLabs" name="inventoryCount" time="15.469"/>
  <system-out/>
  <testcase classname="Tests.testSauceLabs" name="addToCart" time="14.612"/>
  <system-out/>
  <testcase classname="Tests.testSauceLabs" name="inventoryCount" time="10.397"/>
  <system-out/>
  <testcase classname="Tests.testSauceLabs" name="loginSauceLabs" time="10.048"/>
  <system-out/>
  <testcase classname="Tests.testSauceLabs" name="loginSauceLabs" time="13.170"/>
  <system-out/>
</testsuite> <!-- Tests.testSauceLabs -->
