<?xml version="1.0" encoding="UTF-8"?>
<!-- Generated by org.testng.reporters.JUnitReportReporter -->
<testsuite hostname="Jp" failures="0" tests="5" name="testNG.InvocationCount" time="20.483" errors="0" timestamp="2022-03-28T21:22:31 PDT" skipped="0">
  <testcase classname="testNG.InvocationCount" name="test1" time="4.766"/>
  <system-out/>
  <testcase classname="testNG.InvocationCount" name="test1" time="4.780"/>
  <system-out/>
  <testcase classname="testNG.InvocationCount" name="test1" time="3.798"/>
  <system-out/>
  <testcase classname="testNG.InvocationCount" name="test1" time="3.341"/>
  <system-out/>
  <testcase classname="testNG.InvocationCount" name="test1" time="3.798"/>
  <system-out/>
</testsuite> <!-- testNG.InvocationCount -->
