<?xml version="1.0" encoding="UTF-8"?>
<!-- Generated by org.testng.reporters.JUnitReportReporter -->
<testsuite hostname="Jp" failures="0" tests="3" name="dataProvider.Login_OrangeHRM_WithExcelData" time="27.597" errors="0" timestamp="2022-04-18T14:23:57 PDT" skipped="0">
  <testcase classname="dataProvider.Login_OrangeHRM_WithExcelData" name="EnterLoginDetails" time="10.202"/>
  <system-out/>
  <testcase classname="dataProvider.Login_OrangeHRM_WithExcelData" name="EnterLoginDetails" time="8.700"/>
  <system-out/>
  <testcase classname="dataProvider.Login_OrangeHRM_WithExcelData" name="EnterLoginDetails" time="8.695"/>
  <system-out/>
</testsuite> <!-- dataProvider.Login_OrangeHRM_WithExcelData -->
