<?xml version="1.0" encoding="UTF-8"?>
<!-- Generated by org.testng.reporters.JUnitReportReporter -->
<testsuite hostname="Jp" failures="0" tests="3" name="ParallelExecution_DataProvider.TestClass3" time="0.008" errors="0" timestamp="2022-03-27T22:57:18 PDT" skipped="0">
  <testcase classname="ParallelExecution_DataProvider.TestClass3" name="test2" time="0.000"/>
  <system-out/>
  <testcase classname="ParallelExecution_DataProvider.TestClass3" name="test3" time="0.001"/>
  <system-out/>
  <testcase classname="ParallelExecution_DataProvider.TestClass3" name="test1" time="0.007"/>
  <system-out/>
</testsuite> <!-- ParallelExecution_DataProvider.TestClass3 -->
