<?xml version="1.0" encoding="UTF-8"?>
<!-- Generated by org.testng.reporters.JUnitReportReporter -->
<testsuite hostname="Jp" failures="0" tests="2" name="dataProvider.Partially_UseData_Indices_Dataprovider" time="0.006" errors="0" timestamp="2022-03-27T13:00:21 PDT" skipped="0">
  <testcase classname="dataProvider.Partially_UseData_Indices_Dataprovider" name="test1" time="0.001"/>
  <system-out/>
  <testcase classname="dataProvider.Partially_UseData_Indices_Dataprovider" name="test1" time="0.005"/>
  <system-out/>
</testsuite> <!-- dataProvider.Partially_UseData_Indices_Dataprovider -->
