<?xml version="1.0" encoding="UTF-8"?>
<!-- Generated by org.testng.reporters.JUnitReportReporter -->
<testsuite hostname="Jp" failures="0" tests="1" name="Tests.GridTest" time="24.022" errors="0" timestamp="2022-04-20T11:22:23 PDT" skipped="0">
  <testcase classname="Tests.GridTest" name="testGrid" time="24.022"/>
  <system-out/>
</testsuite> <!-- Tests.GridTest -->
