<?xml version="1.0" encoding="UTF-8"?>
<!-- Generated by org.testng.reporters.JUnitReportReporter -->
<testsuite hostname="Jp" failures="0" tests="4" name="dataProvider.returnTypesOfDataprovider$Object_Dataprovider1" time="0.004" errors="0" timestamp="2022-03-27T12:19:12 PDT" skipped="0">
  <testcase classname="dataProvider.returnTypesOfDataprovider$Object_Dataprovider1" name="returnTypesDataprovider" time="0.004"/>
  <system-out/>
  <testcase classname="dataProvider.returnTypesOfDataprovider$Object_Dataprovider1" name="returnTypesDataprovider" time="0.000"/>
  <system-out/>
  <testcase classname="dataProvider.returnTypesOfDataprovider$Object_Dataprovider1" name="returnTypesDataprovider" time="0.000"/>
  <system-out/>
  <testcase classname="dataProvider.returnTypesOfDataprovider$Object_Dataprovider1" name="returnTypesDataprovider" time="0.000"/>
  <system-out/>
</testsuite> <!-- dataProvider.returnTypesOfDataprovider$Object_Dataprovider1 -->
