<?xml version="1.0" encoding="UTF-8"?>
<!-- Generated by org.testng.reporters.JUnitReportReporter -->
<testsuite hostname="Jp" failures="0" tests="3" name="dataProvider.JaggedArray_Dataprovider2" time="0.008" errors="0" timestamp="2022-03-27T12:40:17 PDT" skipped="0">
  <testcase classname="dataProvider.JaggedArray_Dataprovider2" name="returnTypesDataprovider" time="0.001"/>
  <system-out/>
  <testcase classname="dataProvider.JaggedArray_Dataprovider2" name="returnTypesDataprovider" time="0.007"/>
  <system-out/>
  <testcase classname="dataProvider.JaggedArray_Dataprovider2" name="returnTypesDataprovider" time="0.000"/>
  <system-out/>
</testsuite> <!-- dataProvider.JaggedArray_Dataprovider2 -->
