<?xml version="1.0" encoding="UTF-8"?>
<!-- Generated by org.testng.reporters.JUnitReportReporter -->
<testsuite hostname="Jp" failures="0" tests="6" name="Tests.testGridOnSauceLabs" time="71.633" errors="0" timestamp="2022-04-13T16:33:23 PDT" skipped="0">
  <testcase classname="Tests.testGridOnSauceLabs" name="inventoryCount" time="13.024"/>
  <system-out/>
  <testcase classname="Tests.testGridOnSauceLabs" name="addToCart" time="9.587"/>
  <system-out/>
  <testcase classname="Tests.testGridOnSauceLabs" name="inventoryCount" time="13.088"/>
  <system-out/>
  <testcase classname="Tests.testGridOnSauceLabs" name="loginSauceLabs" time="9.764"/>
  <system-out/>
  <testcase classname="Tests.testGridOnSauceLabs" name="loginSauceLabs" time="14.942"/>
  <system-out/>
  <testcase classname="Tests.testGridOnSauceLabs" name="addToCart" time="11.228"/>
  <system-out/>
</testsuite> <!-- Tests.testGridOnSauceLabs -->
