<?xml version="1.0" encoding="UTF-8"?>
<!-- Generated by org.testng.reporters.JUnitReportReporter -->
<testsuite hostname="Jp" failures="0" tests="2" name="testNG.openBrowser2" time="15.556" errors="0" timestamp="2022-03-22T22:19:17 PDT" skipped="0">
  <testcase classname="testNG.openBrowser2" name="openGoogle" time="7.991"/>
  <system-out/>
  <testcase classname="testNG.openBrowser2" name="openFB" time="7.565"/>
  <system-out/>
</testsuite> <!-- testNG.openBrowser2 -->
