<?xml version="1.0" encoding="UTF-8"?>
<!-- Generated by org.testng.reporters.JUnitReportReporter -->
<testsuite hostname="Jp" failures="0" tests="2" name="dataProvider.List_Iterator_Dataprovider3" time="0.005" errors="0" timestamp="2022-03-27T12:45:49 PDT" skipped="0">
  <testcase classname="dataProvider.List_Iterator_Dataprovider3" name="returnTypesDataprovider" time="0.005"/>
  <system-out/>
  <testcase classname="dataProvider.List_Iterator_Dataprovider3" name="returnTypesDataprovider" time="0.000"/>
  <system-out/>
</testsuite> <!-- dataProvider.List_Iterator_Dataprovider3 -->
