<?xml version="1.0" encoding="UTF-8"?>
<!-- Generated by org.testng.reporters.JUnitReportReporter -->
<testsuite hostname="Jp" failures="0" tests="1" name="testNG.openBrowser_Assertions" time="8.468" errors="0" timestamp="2022-03-16T23:10:11 PDT" skipped="0">
  <testcase classname="testNG.openBrowser_Assertions" name="openFB" time="8.468"/>
  <system-out/>
</testsuite> <!-- testNG.openBrowser_Assertions -->
