<?xml version="1.0" encoding="UTF-8"?>
<!-- Generated by org.testng.reporters.JUnitReportReporter -->
<testsuite hostname="Jp" failures="0" tests="1" name="testNG.timeOut" time="4.987" errors="0" timestamp="2022-03-27T22:37:55 PDT" skipped="0">
  <testcase classname="testNG.timeOut" name="testOut" time="4.987"/>
  <system-out/>
</testsuite> <!-- testNG.timeOut -->
