<?xml version="1.0" encoding="UTF-8"?>
<!-- Generated by org.testng.reporters.JUnitReportReporter -->
<testsuite hostname="Jp" failures="0" tests="2" name="dataProvider.returnTypesOfDataprovider$Integer_Dataprovider1" time="0.006" errors="0" timestamp="2022-03-27T12:17:55 PDT" skipped="0">
  <testcase classname="dataProvider.returnTypesOfDataprovider$Integer_Dataprovider1" name="returnTypesDataprovider" time="0.001"/>
  <system-out/>
  <testcase classname="dataProvider.returnTypesOfDataprovider$Integer_Dataprovider1" name="returnTypesDataprovider" time="0.005"/>
  <system-out/>
</testsuite> <!-- dataProvider.returnTypesOfDataprovider$Integer_Dataprovider1 -->
