<?xml version="1.0" encoding="UTF-8"?>
<!-- Generated by org.testng.reporters.JUnitReportReporter -->
<testsuite hostname="Jp" failures="0" tests="4" name="groupTest.NewTest2" time="0.007" errors="0" timestamp="2022-03-23T22:02:32 PDT" skipped="0">
  <testcase classname="groupTest.NewTest2" name="annotationTestMethod1" time="0.005"/>
  <system-out/>
  <testcase classname="groupTest.NewTest2" name="annotationTestMethod3" time="0.000"/>
  <system-out/>
  <testcase classname="groupTest.NewTest2" name="annotationTestMethod4" time="0.001"/>
  <system-out/>
  <testcase classname="groupTest.NewTest2" name="annotationTestMethod2" time="0.001"/>
  <system-out/>
</testsuite> <!-- groupTest.NewTest2 -->
