<?xml version="1.0" encoding="UTF-8"?>
<!-- Generated by org.testng.reporters.JUnitReportReporter -->
<testsuite hostname="Jp" failures="0" tests="5" name="testNG.FlightBookingTest" time="0.006" errors="0" timestamp="2022-04-20T16:10:54 PDT" skipped="0">
  <testcase classname="testNG.FlightBookingTest" name="Signup" time="0.005"/>
  <system-out/>
  <testcase classname="testNG.FlightBookingTest" name="Login" time="0.001"/>
  <system-out/>
  <testcase classname="testNG.FlightBookingTest" name="SearchForTheFlight" time="0.000"/>
  <system-out/>
  <testcase classname="testNG.FlightBookingTest" name="BookTheTicket" time="0.000"/>
  <system-out/>
  <testcase classname="testNG.FlightBookingTest" name="SaveTheTicket" time="0.000"/>
  <system-out/>
</testsuite> <!-- testNG.FlightBookingTest -->
