<?xml version="1.0" encoding="UTF-8"?>
<!-- Generated by org.testng.reporters.JUnitReportReporter -->
<testsuite hostname="Jp" failures="0" tests="6" name="Tests.testGridOnBrowserStack" time="93.823" errors="0" timestamp="2022-04-13T18:36:19 PDT" skipped="0">
  <testcase classname="Tests.testGridOnBrowserStack" name="inventoryCount" time="7.595"/>
  <system-out/>
  <testcase classname="Tests.testGridOnBrowserStack" name="addToCart" time="29.035"/>
  <system-out/>
  <testcase classname="Tests.testGridOnBrowserStack" name="addToCart" time="13.637"/>
  <system-out/>
  <testcase classname="Tests.testGridOnBrowserStack" name="loginSauceLabs" time="21.363"/>
  <system-out/>
  <testcase classname="Tests.testGridOnBrowserStack" name="inventoryCount" time="12.977"/>
  <system-out/>
  <testcase classname="Tests.testGridOnBrowserStack" name="loginSauceLabs" time="9.216"/>
  <system-out/>
</testsuite> <!-- Tests.testGridOnBrowserStack -->
